2019-04-25 16:18:55.834 INFO  c.b.u.l.LogUtil - HOTEL => GET  CF41A93D6C25B27AC4432C068AFA7687 0:0:0:0:0:0:0:1 /hotel/booking/searchFree?startDate=25.Apr&endDate=25.Apr&clients=1&price=500
2019-04-25 16:18:57.215 INFO  c.b.u.l.LogUtil - HOTEL <= GET  CF41A93D6C25B27AC4432C068AFA7687 0:0:0:0:0:0:0:1 /hotel/booking/searchFree?startDate=25.Apr&endDate=25.Apr&clients=1&price=500: returned status=200 in 1437ms. Response body: [{"id":2,"roomAmount":3,"hotelRoomType":{"id":1,"humanAmount":1,"type_name":"111","description":"1"},"client":null,"price":123.0,"url":"https://pp.userapi.com/c854028/v854028525/2b94f/DcPoMxV66Xk.jpg","description":"Пока нет описания","dateFrom":"2019-05-23T07:55:45Z","dateTo":"2019-04-23T07:55:49Z"},{"id":3,"roomAmount":5,"hotelRoomType":{"id":1,"humanAmount":1,"type_name":"111","description":"1"},"client":null,"price":345.0,"url":"https://pp.userapi.com/c854028/v854028525/2b94f/DcPoMxV66Xk.jpg","description":"Пока нет описания","dateFrom":"2019-05-23T07:55:45Z","dateTo":"2019-04-23T07:55:49Z"}]
2019-04-25 16:25:51.768 INFO  c.b.u.l.LogUtil - HOTEL => GET  85F88058E5A31E03B6C55D6DFAEECDA3 0:0:0:0:0:0:0:1 /hotel/booking/searchFree?startDate=25.Apr&endDate=25.Apr&clients=1&price=500
2019-04-25 16:25:51.819 INFO  c.b.u.l.LogUtil - HOTEL <= GET  85F88058E5A31E03B6C55D6DFAEECDA3 0:0:0:0:0:0:0:1 /hotel/booking/searchFree?startDate=25.Apr&endDate=25.Apr&clients=1&price=500: returned status=200 in 54ms. Response body: [{"id":2,"roomAmount":3,"hotelRoomType":{"id":1,"humanAmount":1,"type_name":"111","description":"1"},"client":null,"price":123.0,"url":"https://pp.userapi.com/c854028/v854028525/2b94f/DcPoMxV66Xk.jpg","description":"Пока нет описания","dateFrom":"2019-05-23T07:55:45Z","dateTo":"2019-04-23T07:55:49Z"},{"id":3,"roomAmount":5,"hotelRoomType":{"id":1,"humanAmount":1,"type_name":"111","description":"1"},"client":null,"price":345.0,"url":"https://pp.userapi.com/c854028/v854028525/2b94f/DcPoMxV66Xk.jpg","description":"Пока нет описания","dateFrom":"2019-05-23T07:55:45Z","dateTo":"2019-04-23T07:55:49Z"}]
2019-04-25 16:27:37.037 INFO  c.b.u.l.LogUtil - HOTEL => GET  00748558EEA7A6B8987D6A7613E28BAB 0:0:0:0:0:0:0:1 /hotel/booking/searchFree?startDate=25.Apr&endDate=25.Apr&clients=1&price=500
2019-04-25 16:27:37.094 INFO  c.b.u.l.LogUtil - HOTEL <= GET  00748558EEA7A6B8987D6A7613E28BAB 0:0:0:0:0:0:0:1 /hotel/booking/searchFree?startDate=25.Apr&endDate=25.Apr&clients=1&price=500: returned status=200 in 55ms. Response body: [{"id":2,"roomAmount":3,"hotelRoomType":{"id":1,"humanAmount":1,"type_name":"111","description":"1"},"client":null,"price":123.0,"url":"https://pp.userapi.com/c854028/v854028525/2b94f/DcPoMxV66Xk.jpg","description":"Пока нет описания","dateFrom":"2019-05-23T07:55:45Z","dateTo":"2019-04-23T07:55:49Z"},{"id":3,"roomAmount":5,"hotelRoomType":{"id":1,"humanAmount":1,"type_name":"111","description":"1"},"client":null,"price":345.0,"url":"https://pp.userapi.com/c854028/v854028525/2b94f/DcPoMxV66Xk.jpg","description":"Пока нет описания","dateFrom":"2019-05-23T07:55:45Z","dateTo":"2019-04-23T07:55:49Z"}]
2019-04-25 16:29:19.064 INFO  c.b.u.l.LogUtil - HOTEL => GET  C4B66F07AB42617EB23E9EFA96E0A5A8 0:0:0:0:0:0:0:1 /hotel/booking/searchFree?startDate=25.Apr&endDate=25.Apr&clients=1&price=500
2019-04-25 16:29:19.122 INFO  c.b.u.l.LogUtil - HOTEL <= GET  C4B66F07AB42617EB23E9EFA96E0A5A8 0:0:0:0:0:0:0:1 /hotel/booking/searchFree?startDate=25.Apr&endDate=25.Apr&clients=1&price=500: returned status=200 in 58ms. Response body: [{"id":2,"roomAmount":3,"hotelRoomType":{"id":1,"humanAmount":1,"type_name":"111","description":"1"},"client":null,"price":123.0,"url":"https://pp.userapi.com/c854028/v854028525/2b94f/DcPoMxV66Xk.jpg","description":"Пока нет описания","dateFrom":"2019-05-23T07:55:45Z","dateTo":"2019-04-23T07:55:49Z"},{"id":3,"roomAmount":5,"hotelRoomType":{"id":1,"humanAmount":1,"type_name":"111","description":"1"},"client":null,"price":345.0,"url":"https://pp.userapi.com/c854028/v854028525/2b94f/DcPoMxV66Xk.jpg","description":"Пока нет описания","dateFrom":"2019-05-23T07:55:45Z","dateTo":"2019-04-23T07:55:49Z"}]
2019-04-25 16:30:34.308 INFO  c.b.u.l.LogUtil - HOTEL => GET  870233A00BD6677F9F04431C1B3593E2 0:0:0:0:0:0:0:1 /hotel/booking/searchFree?startDate=25.Apr&endDate=25.Apr&clients=1&price=500
2019-04-25 16:30:34.367 INFO  c.b.u.l.LogUtil - HOTEL <= GET  870233A00BD6677F9F04431C1B3593E2 0:0:0:0:0:0:0:1 /hotel/booking/searchFree?startDate=25.Apr&endDate=25.Apr&clients=1&price=500: returned status=200 in 59ms. Response body: [{"id":2,"roomAmount":3,"hotelRoomType":{"id":1,"humanAmount":1,"type_name":"111","description":"1"},"client":null,"price":123.0,"url":"https://pp.userapi.com/c854028/v854028525/2b94f/DcPoMxV66Xk.jpg","description":"Пока нет описания","dateFrom":"2019-05-23T07:55:45Z","dateTo":"2019-04-23T07:55:49Z"},{"id":3,"roomAmount":5,"hotelRoomType":{"id":1,"humanAmount":1,"type_name":"111","description":"1"},"client":null,"price":345.0,"url":"https://pp.userapi.com/c854028/v854028525/2b94f/DcPoMxV66Xk.jpg","description":"Пока нет описания","dateFrom":"2019-05-23T07:55:45Z","dateTo":"2019-04-23T07:55:49Z"}]
2019-04-25 16:30:50.175 INFO  c.b.u.l.LogUtil - HOTEL => GET  8469F904707B77F74F8CF28D23591442 0:0:0:0:0:0:0:1 /hotel/booking/searchFree?startDate=25.Apr&endDate=25.Apr&clients=1&price=500
2019-04-25 16:30:50.221 INFO  c.b.u.l.LogUtil - HOTEL <= GET  8469F904707B77F74F8CF28D23591442 0:0:0:0:0:0:0:1 /hotel/booking/searchFree?startDate=25.Apr&endDate=25.Apr&clients=1&price=500: returned status=200 in 46ms. Response body: [{"id":2,"roomAmount":3,"hotelRoomType":{"id":1,"humanAmount":1,"type_name":"111","description":"1"},"client":null,"price":123.0,"url":"https://pp.userapi.com/c854028/v854028525/2b94f/DcPoMxV66Xk.jpg","description":"Пока нет описания","dateFrom":"2019-05-23T07:55:45Z","dateTo":"2019-04-23T07:55:49Z"},{"id":3,"roomAmount":5,"hotelRoomType":{"id":1,"humanAmount":1,"type_name":"111","description":"1"},"client":null,"price":345.0,"url":"https://pp.userapi.com/c854028/v854028525/2b94f/DcPoMxV66Xk.jpg","description":"Пока нет описания","dateFrom":"2019-05-23T07:55:45Z","dateTo":"2019-04-23T07:55:49Z"}]
2019-04-25 16:31:32.348 INFO  c.b.u.l.LogUtil - HOTEL => GET  C43F364C53993D80869CAC36352C4C96 0:0:0:0:0:0:0:1 /hotel/booking/searchFree?startDate=25.Apr&endDate=25.Apr&clients=1&price=500
2019-04-25 16:31:32.404 INFO  c.b.u.l.LogUtil - HOTEL <= GET  C43F364C53993D80869CAC36352C4C96 0:0:0:0:0:0:0:1 /hotel/booking/searchFree?startDate=25.Apr&endDate=25.Apr&clients=1&price=500: returned status=200 in 56ms. Response body: [{"id":2,"roomAmount":3,"hotelRoomType":{"id":1,"humanAmount":1,"type_name":"111","description":"1"},"client":null,"price":123.0,"url":"https://pp.userapi.com/c854028/v854028525/2b94f/DcPoMxV66Xk.jpg","description":"Пока нет описания","dateFrom":"2019-05-23T07:55:45Z","dateTo":"2019-04-23T07:55:49Z"},{"id":3,"roomAmount":5,"hotelRoomType":{"id":1,"humanAmount":1,"type_name":"111","description":"1"},"client":null,"price":345.0,"url":"https://pp.userapi.com/c854028/v854028525/2b94f/DcPoMxV66Xk.jpg","description":"Пока нет описания","dateFrom":"2019-05-23T07:55:45Z","dateTo":"2019-04-23T07:55:49Z"}]
2019-04-25 16:31:47.422 INFO  c.b.u.l.LogUtil - HOTEL => GET  0B1A6710BD9A9E49410BEFEC93B54BC1 0:0:0:0:0:0:0:1 /hotel/booking/searchFree?startDate=25.Apr&endDate=25.Apr&clients=1&price=500
2019-04-25 16:31:47.460 INFO  c.b.u.l.LogUtil - HOTEL <= GET  0B1A6710BD9A9E49410BEFEC93B54BC1 0:0:0:0:0:0:0:1 /hotel/booking/searchFree?startDate=25.Apr&endDate=25.Apr&clients=1&price=500: returned status=200 in 38ms. Response body: [{"id":2,"roomAmount":3,"hotelRoomType":{"id":1,"humanAmount":1,"type_name":"111","description":"1"},"client":null,"price":123.0,"url":"https://pp.userapi.com/c854028/v854028525/2b94f/DcPoMxV66Xk.jpg","description":"Пока нет описания","dateFrom":"2019-05-23T07:55:45Z","dateTo":"2019-04-23T07:55:49Z"},{"id":3,"roomAmount":5,"hotelRoomType":{"id":1,"humanAmount":1,"type_name":"111","description":"1"},"client":null,"price":345.0,"url":"https://pp.userapi.com/c854028/v854028525/2b94f/DcPoMxV66Xk.jpg","description":"Пока нет описания","dateFrom":"2019-05-23T07:55:45Z","dateTo":"2019-04-23T07:55:49Z"}]
2019-04-25 16:32:10.660 INFO  c.b.u.l.LogUtil - HOTEL => GET  E5F83669794B0451CAC0A0E21790BD99 0:0:0:0:0:0:0:1 /hotel/booking/searchFree?startDate=25.Apr&endDate=25.Apr&clients=1&price=500
2019-04-25 16:32:10.693 INFO  c.b.u.l.LogUtil - HOTEL <= GET  E5F83669794B0451CAC0A0E21790BD99 0:0:0:0:0:0:0:1 /hotel/booking/searchFree?startDate=25.Apr&endDate=25.Apr&clients=1&price=500: returned status=200 in 35ms. Response body: [{"id":2,"roomAmount":3,"hotelRoomType":{"id":1,"humanAmount":1,"type_name":"111","description":"1"},"client":null,"price":123.0,"url":"https://pp.userapi.com/c854028/v854028525/2b94f/DcPoMxV66Xk.jpg","description":"Пока нет описания","dateFrom":"2019-05-23T07:55:45Z","dateTo":"2019-04-23T07:55:49Z"},{"id":3,"roomAmount":5,"hotelRoomType":{"id":1,"humanAmount":1,"type_name":"111","description":"1"},"client":null,"price":345.0,"url":"https://pp.userapi.com/c854028/v854028525/2b94f/DcPoMxV66Xk.jpg","description":"Пока нет описания","dateFrom":"2019-05-23T07:55:45Z","dateTo":"2019-04-23T07:55:49Z"}]
2019-04-25 16:32:46.475 INFO  c.b.u.l.LogUtil - HOTEL => GET  316D4B73CD6D3FE534999EE592558232 0:0:0:0:0:0:0:1 /hotel/booking/searchFree?startDate=25.Apr&endDate=25.Apr&clients=1&price=500
2019-04-25 16:32:46.521 INFO  c.b.u.l.LogUtil - HOTEL <= GET  316D4B73CD6D3FE534999EE592558232 0:0:0:0:0:0:0:1 /hotel/booking/searchFree?startDate=25.Apr&endDate=25.Apr&clients=1&price=500: returned status=200 in 46ms. Response body: [{"id":2,"roomAmount":3,"hotelRoomType":{"id":1,"humanAmount":1,"type_name":"111","description":"1"},"client":null,"price":123.0,"url":"https://pp.userapi.com/c854028/v854028525/2b94f/DcPoMxV66Xk.jpg","description":"Пока нет описания","dateFrom":"2019-05-23T07:55:45Z","dateTo":"2019-04-23T07:55:49Z"},{"id":3,"roomAmount":5,"hotelRoomType":{"id":1,"humanAmount":1,"type_name":"111","description":"1"},"client":null,"price":345.0,"url":"https://pp.userapi.com/c854028/v854028525/2b94f/DcPoMxV66Xk.jpg","description":"Пока нет описания","dateFrom":"2019-05-23T07:55:45Z","dateTo":"2019-04-23T07:55:49Z"}]
2019-04-25 16:33:05.318 INFO  c.b.u.l.LogUtil - HOTEL => GET  B2BDE34E5E4C5F57975EF2F8294679D2 0:0:0:0:0:0:0:1 /hotel/booking/searchFree?startDate=25.Apr&endDate=25.Apr&clients=1&price=500
2019-04-25 16:33:05.366 INFO  c.b.u.l.LogUtil - HOTEL <= GET  B2BDE34E5E4C5F57975EF2F8294679D2 0:0:0:0:0:0:0:1 /hotel/booking/searchFree?startDate=25.Apr&endDate=25.Apr&clients=1&price=500: returned status=200 in 49ms. Response body: [{"id":2,"roomAmount":3,"hotelRoomType":{"id":1,"humanAmount":1,"type_name":"111","description":"1"},"client":null,"price":123.0,"url":"https://pp.userapi.com/c854028/v854028525/2b94f/DcPoMxV66Xk.jpg","description":"Пока нет описания","dateFrom":"2019-05-23T07:55:45Z","dateTo":"2019-04-23T07:55:49Z"},{"id":3,"roomAmount":5,"hotelRoomType":{"id":1,"humanAmount":1,"type_name":"111","description":"1"},"client":null,"price":345.0,"url":"https://pp.userapi.com/c854028/v854028525/2b94f/DcPoMxV66Xk.jpg","description":"Пока нет описания","dateFrom":"2019-05-23T07:55:45Z","dateTo":"2019-04-23T07:55:49Z"}]
2019-04-25 16:39:33.979 INFO  c.b.u.l.LogUtil - HOTEL => GET  854B318F21DBF23120F10AC780189796 0:0:0:0:0:0:0:1 /hotel/booking/searchFree?startDate=25.Apr&endDate=25.Apr&clients=1&price=500
2019-04-25 16:39:34.026 INFO  c.b.u.l.LogUtil - HOTEL <= GET  854B318F21DBF23120F10AC780189796 0:0:0:0:0:0:0:1 /hotel/booking/searchFree?startDate=25.Apr&endDate=25.Apr&clients=1&price=500: returned status=200 in 47ms. Response body: [{"id":2,"roomAmount":3,"hotelRoomType":{"id":1,"humanAmount":1,"type_name":"111","description":"1"},"client":null,"price":123.0,"url":"https://pp.userapi.com/c854028/v854028525/2b94f/DcPoMxV66Xk.jpg","description":"Пока нет описания","dateFrom":"2019-05-23T07:55:45Z","dateTo":"2019-04-23T07:55:49Z"},{"id":3,"roomAmount":5,"hotelRoomType":{"id":1,"humanAmount":1,"type_name":"111","description":"1"},"client":null,"price":345.0,"url":"https://pp.userapi.com/c854028/v854028525/2b94f/DcPoMxV66Xk.jpg","description":"Пока нет описания","dateFrom":"2019-05-23T07:55:45Z","dateTo":"2019-04-23T07:55:49Z"}]
2019-04-25 16:39:54.205 INFO  c.b.u.l.LogUtil - HOTEL => GET  58B99593926A8880EF1192786D805954 0:0:0:0:0:0:0:1 /hotel/booking/searchFree?startDate=25.Apr&endDate=25.Apr&clients=1&price=500
2019-04-25 16:39:54.249 INFO  c.b.u.l.LogUtil - HOTEL <= GET  58B99593926A8880EF1192786D805954 0:0:0:0:0:0:0:1 /hotel/booking/searchFree?startDate=25.Apr&endDate=25.Apr&clients=1&price=500: returned status=200 in 43ms. Response body: [{"id":2,"roomAmount":3,"hotelRoomType":{"id":1,"humanAmount":1,"type_name":"111","description":"1"},"client":null,"price":123.0,"url":"https://pp.userapi.com/c854028/v854028525/2b94f/DcPoMxV66Xk.jpg","description":"Пока нет описания","dateFrom":"2019-05-23T07:55:45Z","dateTo":"2019-04-23T07:55:49Z"},{"id":3,"roomAmount":5,"hotelRoomType":{"id":1,"humanAmount":1,"type_name":"111","description":"1"},"client":null,"price":345.0,"url":"https://pp.userapi.com/c854028/v854028525/2b94f/DcPoMxV66Xk.jpg","description":"Пока нет описания","dateFrom":"2019-05-23T07:55:45Z","dateTo":"2019-04-23T07:55:49Z"}]
2019-04-25 16:40:06.643 INFO  c.b.u.l.LogUtil - HOTEL => GET  4DF7C6928DB5587ADA6FC3E8051F8A53 0:0:0:0:0:0:0:1 /hotel/booking/searchFree?startDate=25.Apr&endDate=25.Apr&clients=1&price=500
2019-04-25 16:40:06.691 INFO  c.b.u.l.LogUtil - HOTEL <= GET  4DF7C6928DB5587ADA6FC3E8051F8A53 0:0:0:0:0:0:0:1 /hotel/booking/searchFree?startDate=25.Apr&endDate=25.Apr&clients=1&price=500: returned status=200 in 47ms. Response body: [{"id":2,"roomAmount":3,"hotelRoomType":{"id":1,"humanAmount":1,"type_name":"111","description":"1"},"client":null,"price":123.0,"url":"https://pp.userapi.com/c854028/v854028525/2b94f/DcPoMxV66Xk.jpg","description":"Пока нет описания","dateFrom":"2019-05-23T07:55:45Z","dateTo":"2019-04-23T07:55:49Z"},{"id":3,"roomAmount":5,"hotelRoomType":{"id":1,"humanAmount":1,"type_name":"111","description":"1"},"client":null,"price":345.0,"url":"https://pp.userapi.com/c854028/v854028525/2b94f/DcPoMxV66Xk.jpg","description":"Пока нет описания","dateFrom":"2019-05-23T07:55:45Z","dateTo":"2019-04-23T07:55:49Z"}]
2019-04-25 16:40:12.949 INFO  c.b.u.l.LogUtil - HOTEL => GET  537BC94BD33CFFB3FCD3C13FA349E3D4 0:0:0:0:0:0:0:1 /hotel/booking/searchFree?startDate=25.Apr&endDate=25.Apr&clients=1&price=500
2019-04-25 16:40:12.985 INFO  c.b.u.l.LogUtil - HOTEL <= GET  537BC94BD33CFFB3FCD3C13FA349E3D4 0:0:0:0:0:0:0:1 /hotel/booking/searchFree?startDate=25.Apr&endDate=25.Apr&clients=1&price=500: returned status=200 in 34ms. Response body: [{"id":2,"roomAmount":3,"hotelRoomType":{"id":1,"humanAmount":1,"type_name":"111","description":"1"},"client":null,"price":123.0,"url":"https://pp.userapi.com/c854028/v854028525/2b94f/DcPoMxV66Xk.jpg","description":"Пока нет описания","dateFrom":"2019-05-23T07:55:45Z","dateTo":"2019-04-23T07:55:49Z"},{"id":3,"roomAmount":5,"hotelRoomType":{"id":1,"humanAmount":1,"type_name":"111","description":"1"},"client":null,"price":345.0,"url":"https://pp.userapi.com/c854028/v854028525/2b94f/DcPoMxV66Xk.jpg","description":"Пока нет описания","dateFrom":"2019-05-23T07:55:45Z","dateTo":"2019-04-23T07:55:49Z"}]
2019-04-25 16:40:38.767 INFO  c.b.u.l.LogUtil - HOTEL => GET  E58C44C6AA26735E8946A872D60847CF 0:0:0:0:0:0:0:1 /hotel/booking/searchFree?startDate=25.Apr&endDate=25.Apr&clients=1&price=500
2019-04-25 16:40:38.821 INFO  c.b.u.l.LogUtil - HOTEL <= GET  E58C44C6AA26735E8946A872D60847CF 0:0:0:0:0:0:0:1 /hotel/booking/searchFree?startDate=25.Apr&endDate=25.Apr&clients=1&price=500: returned status=200 in 53ms. Response body: [{"id":2,"roomAmount":3,"hotelRoomType":{"id":1,"humanAmount":1,"type_name":"111","description":"1"},"client":null,"price":123.0,"url":"https://pp.userapi.com/c854028/v854028525/2b94f/DcPoMxV66Xk.jpg","description":"Пока нет описания","dateFrom":"2019-05-23T07:55:45Z","dateTo":"2019-04-23T07:55:49Z"},{"id":3,"roomAmount":5,"hotelRoomType":{"id":1,"humanAmount":1,"type_name":"111","description":"1"},"client":null,"price":345.0,"url":"https://pp.userapi.com/c854028/v854028525/2b94f/DcPoMxV66Xk.jpg","description":"Пока нет описания","dateFrom":"2019-05-23T07:55:45Z","dateTo":"2019-04-23T07:55:49Z"}]
2019-04-25 16:41:01.490 INFO  c.b.u.l.LogUtil - HOTEL => GET  63C6E6F6C58A0B33268DE97C3FF2D286 0:0:0:0:0:0:0:1 /hotel/booking/searchFree?startDate=25.Apr&endDate=25.Apr&clients=1&price=500
2019-04-25 16:41:01.527 INFO  c.b.u.l.LogUtil - HOTEL <= GET  63C6E6F6C58A0B33268DE97C3FF2D286 0:0:0:0:0:0:0:1 /hotel/booking/searchFree?startDate=25.Apr&endDate=25.Apr&clients=1&price=500: returned status=200 in 37ms. Response body: [{"id":2,"roomAmount":3,"hotelRoomType":{"id":1,"humanAmount":1,"type_name":"111","description":"1"},"client":null,"price":123.0,"url":"https://pp.userapi.com/c854028/v854028525/2b94f/DcPoMxV66Xk.jpg","description":"Пока нет описания","dateFrom":"2019-05-23T07:55:45Z","dateTo":"2019-04-23T07:55:49Z"},{"id":3,"roomAmount":5,"hotelRoomType":{"id":1,"humanAmount":1,"type_name":"111","description":"1"},"client":null,"price":345.0,"url":"https://pp.userapi.com/c854028/v854028525/2b94f/DcPoMxV66Xk.jpg","description":"Пока нет описания","dateFrom":"2019-05-23T07:55:45Z","dateTo":"2019-04-23T07:55:49Z"}]
2019-04-25 16:41:13.128 INFO  c.b.u.l.LogUtil - HOTEL => GET  5DB07FE66732416021F9BE7539B3C778 0:0:0:0:0:0:0:1 /hotel/booking/searchFree?startDate=25.Apr&endDate=25.Apr&clients=1&price=500
2019-04-25 16:41:13.164 INFO  c.b.u.l.LogUtil - HOTEL <= GET  5DB07FE66732416021F9BE7539B3C778 0:0:0:0:0:0:0:1 /hotel/booking/searchFree?startDate=25.Apr&endDate=25.Apr&clients=1&price=500: returned status=200 in 34ms. Response body: [{"id":2,"roomAmount":3,"hotelRoomType":{"id":1,"humanAmount":1,"type_name":"111","description":"1"},"client":null,"price":123.0,"url":"https://pp.userapi.com/c854028/v854028525/2b94f/DcPoMxV66Xk.jpg","description":"Пока нет описания","dateFrom":"2019-05-23T07:55:45Z","dateTo":"2019-04-23T07:55:49Z"},{"id":3,"roomAmount":5,"hotelRoomType":{"id":1,"humanAmount":1,"type_name":"111","description":"1"},"client":null,"price":345.0,"url":"https://pp.userapi.com/c854028/v854028525/2b94f/DcPoMxV66Xk.jpg","description":"Пока нет описания","dateFrom":"2019-05-23T07:55:45Z","dateTo":"2019-04-23T07:55:49Z"}]
2019-04-25 16:41:22.879 INFO  c.b.u.l.LogUtil - HOTEL => GET  5DAEBE92EF844E76E439C4CB642101C9 0:0:0:0:0:0:0:1 /hotel/booking/searchFree?startDate=25.Apr&endDate=25.Apr&clients=1&price=500
2019-04-25 16:41:22.914 INFO  c.b.u.l.LogUtil - HOTEL <= GET  5DAEBE92EF844E76E439C4CB642101C9 0:0:0:0:0:0:0:1 /hotel/booking/searchFree?startDate=25.Apr&endDate=25.Apr&clients=1&price=500: returned status=200 in 37ms. Response body: [{"id":2,"roomAmount":3,"hotelRoomType":{"id":1,"humanAmount":1,"type_name":"111","description":"1"},"client":null,"price":123.0,"url":"https://pp.userapi.com/c854028/v854028525/2b94f/DcPoMxV66Xk.jpg","description":"Пока нет описания","dateFrom":"2019-05-23T07:55:45Z","dateTo":"2019-04-23T07:55:49Z"},{"id":3,"roomAmount":5,"hotelRoomType":{"id":1,"humanAmount":1,"type_name":"111","description":"1"},"client":null,"price":345.0,"url":"https://pp.userapi.com/c854028/v854028525/2b94f/DcPoMxV66Xk.jpg","description":"Пока нет описания","dateFrom":"2019-05-23T07:55:45Z","dateTo":"2019-04-23T07:55:49Z"}]
2019-04-25 16:45:14.547 INFO  c.b.u.l.LogUtil - HOTEL => GET  435BFE58113C4601E06C0FFFD4F839DE 0:0:0:0:0:0:0:1 /hotel/booking/searchFree?startDate=25.Apr&endDate=25.Apr&clients=1&price=500
2019-04-25 16:45:14.585 INFO  c.b.u.l.LogUtil - HOTEL <= GET  435BFE58113C4601E06C0FFFD4F839DE 0:0:0:0:0:0:0:1 /hotel/booking/searchFree?startDate=25.Apr&endDate=25.Apr&clients=1&price=500: returned status=200 in 38ms. Response body: [{"id":2,"roomAmount":3,"hotelRoomType":{"id":1,"humanAmount":1,"type_name":"111","description":"1"},"client":null,"price":123.0,"url":"https://pp.userapi.com/c854028/v854028525/2b94f/DcPoMxV66Xk.jpg","description":"Пока нет описания","dateFrom":"2019-05-23T07:55:45Z","dateTo":"2019-04-23T07:55:49Z"},{"id":3,"roomAmount":5,"hotelRoomType":{"id":1,"humanAmount":1,"type_name":"111","description":"1"},"client":null,"price":345.0,"url":"https://pp.userapi.com/c854028/v854028525/2b94f/DcPoMxV66Xk.jpg","description":"Пока нет описания","dateFrom":"2019-05-23T07:55:45Z","dateTo":"2019-04-23T07:55:49Z"}]
2019-04-25 16:47:16.014 INFO  c.b.u.l.LogUtil - HOTEL => GET  D350717FAD572DA6B6A5B69DF228A95A 0:0:0:0:0:0:0:1 /hotel/booking/searchFree?startDate=25.Apr&endDate=25.Apr&clients=1&price=500
2019-04-25 16:47:16.234 INFO  c.b.u.l.LogUtil - HOTEL <= GET  D350717FAD572DA6B6A5B69DF228A95A 0:0:0:0:0:0:0:1 /hotel/booking/searchFree?startDate=25.Apr&endDate=25.Apr&clients=1&price=500: returned status=200 in 220ms. Response body: [{"id":2,"roomAmount":3,"hotelRoomType":{"id":1,"humanAmount":1,"type_name":"111","description":"1"},"client":null,"price":123.0,"url":"https://pp.userapi.com/c854028/v854028525/2b94f/DcPoMxV66Xk.jpg","description":"Пока нет описания","dateFrom":"2019-05-23T07:55:45Z","dateTo":"2019-04-23T07:55:49Z"},{"id":3,"roomAmount":5,"hotelRoomType":{"id":1,"humanAmount":1,"type_name":"111","description":"1"},"client":null,"price":345.0,"url":"https://pp.userapi.com/c854028/v854028525/2b94f/DcPoMxV66Xk.jpg","description":"Пока нет описания","dateFrom":"2019-05-23T07:55:45Z","dateTo":"2019-04-23T07:55:49Z"}]
2019-04-25 16:48:23.780 INFO  c.b.u.l.LogUtil - HOTEL => GET  128389D26A118311A84DA1FB8AF3F872 0:0:0:0:0:0:0:1 /hotel/booking/searchFree?startDate=25.Apr&endDate=25.Apr&clients=1&price=500
2019-04-25 16:48:23.814 INFO  c.b.u.l.LogUtil - HOTEL <= GET  128389D26A118311A84DA1FB8AF3F872 0:0:0:0:0:0:0:1 /hotel/booking/searchFree?startDate=25.Apr&endDate=25.Apr&clients=1&price=500: returned status=200 in 34ms. Response body: [{"id":2,"roomAmount":3,"hotelRoomType":{"id":1,"humanAmount":1,"type_name":"111","description":"1"},"client":null,"price":123.0,"url":"https://pp.userapi.com/c854028/v854028525/2b94f/DcPoMxV66Xk.jpg","description":"Пока нет описания","dateFrom":"2019-05-23T07:55:45Z","dateTo":"2019-04-23T07:55:49Z"},{"id":3,"roomAmount":5,"hotelRoomType":{"id":1,"humanAmount":1,"type_name":"111","description":"1"},"client":null,"price":345.0,"url":"https://pp.userapi.com/c854028/v854028525/2b94f/DcPoMxV66Xk.jpg","description":"Пока нет описания","dateFrom":"2019-05-23T07:55:45Z","dateTo":"2019-04-23T07:55:49Z"}]
2019-04-25 16:49:01.504 INFO  c.b.u.l.LogUtil - HOTEL => GET  2197846D4BCFD868AF6FE8500A5AD3D2 0:0:0:0:0:0:0:1 /hotel/booking/searchFree?startDate=25.Apr&endDate=25.Apr&clients=1&price=500
2019-04-25 16:49:01.545 INFO  c.b.u.l.LogUtil - HOTEL <= GET  2197846D4BCFD868AF6FE8500A5AD3D2 0:0:0:0:0:0:0:1 /hotel/booking/searchFree?startDate=25.Apr&endDate=25.Apr&clients=1&price=500: returned status=200 in 43ms. Response body: [{"id":2,"roomAmount":3,"hotelRoomType":{"id":1,"humanAmount":1,"type_name":"111","description":"1"},"client":null,"price":123.0,"url":"https://pp.userapi.com/c854028/v854028525/2b94f/DcPoMxV66Xk.jpg","description":"Пока нет описания","dateFrom":"2019-05-23T07:55:45Z","dateTo":"2019-04-23T07:55:49Z"},{"id":3,"roomAmount":5,"hotelRoomType":{"id":1,"humanAmount":1,"type_name":"111","description":"1"},"client":null,"price":345.0,"url":"https://pp.userapi.com/c854028/v854028525/2b94f/DcPoMxV66Xk.jpg","description":"Пока нет описания","dateFrom":"2019-05-23T07:55:45Z","dateTo":"2019-04-23T07:55:49Z"}]
2019-04-25 17:00:34.698 INFO  c.b.a.Application - Starting Application on Ivan-PC with PID 6684 (E:\Projects\CourseWork\Git\booking\target\classes started by Ivant in E:\Projects\CourseWork\Git\booking)
2019-04-25 17:00:34.701 INFO  c.b.a.Application - No active profile set, falling back to default profiles: default
2019-04-25 17:00:36.357 INFO  o.s.d.r.c.RepositoryConfigurationDelegate - Bootstrapping Spring Data repositories in DEFAULT mode.
2019-04-25 17:00:36.598 INFO  o.s.d.r.c.RepositoryConfigurationDelegate - Finished Spring Data repository scanning in 233ms. Found 4 repository interfaces.
2019-04-25 17:00:37.339 INFO  o.s.c.s.PostProcessorRegistrationDelegate$BeanPostProcessorChecker - Bean 'org.springframework.transaction.annotation.ProxyTransactionManagementConfiguration' of type [org.springframework.transaction.annotation.ProxyTransactionManagementConfiguration$$EnhancerBySpringCGLIB$$d2ab1588] is not eligible for getting processed by all BeanPostProcessors (for example: not eligible for auto-proxying)
2019-04-25 17:00:38.030 INFO  o.s.b.w.e.t.TomcatWebServer - Tomcat initialized with port(s): 8080 (http)
2019-04-25 17:00:38.091 INFO  o.a.c.c.StandardService - Starting service [Tomcat]
2019-04-25 17:00:38.091 INFO  o.a.c.c.StandardEngine - Starting Servlet engine: [Apache Tomcat/9.0.14]
2019-04-25 17:00:38.163 INFO  o.a.c.c.AprLifecycleListener - The APR based Apache Tomcat Native library which allows optimal performance in production environments was not found on the java.library.path: [F:\Program Files\Java\jdk-11.0.1\bin;C:\Windows\Sun\Java\bin;C:\Windows\system32;C:\Windows;C:\Program Files (x86)\Common Files\Oracle\Java\javapath;C:\Program Files (x86)\Intel\Intel(R) Management Engine Components\iCLS\;C:\Program Files\Intel\Intel(R) Management Engine Components\iCLS\;C:\Windows\system32;C:\Windows;C:\Windows\System32\Wbem;C:\Windows\System32\WindowsPowerShell\v1.0\;C:\Windows\System32\OpenSSH\;C:\Program Files (x86)\Intel\Intel(R) Management Engine Components\DAL;C:\Program Files\Intel\Intel(R) Management Engine Components\DAL;C:\Program Files (x86)\Intel\Intel(R) Management Engine Components\IPT;C:\Program Files\Intel\Intel(R) Management Engine Components\IPT;C:\Program Files\Intel\WiFi\bin\;C:\Program Files\Common Files\Intel\WirelessCommon\;C:\Program Files\Microsoft VS Code\bin;C:\Program Files\Git\cmd;C:\Program Files\nodejs\;C:\Users\Ivant\AppData\Local\Microsoft\WindowsApps;C:\Program Files\Intel\WiFi\bin\;C:\Program Files\Common Files\Intel\WirelessCommon\;C:\Program Files\Java\jdk1.8.0_192\bin;C:\Users\Ivant\AppData\Roaming\npm;E:\Программы\apache-maven-3.6.0\bin;C:\Program Files\Java\jdk1.8.0_192\bin;;.]
2019-04-25 17:00:38.359 INFO  o.a.c.c.C.[.[.[/] - Initializing Spring embedded WebApplicationContext
2019-04-25 17:00:38.359 INFO  o.s.w.c.ContextLoader - Root WebApplicationContext: initialization completed in 3516 ms
2019-04-25 17:00:38.691 INFO  o.h.j.i.u.LogHelper - HHH000204: Processing PersistenceUnitInfo [name: default]
2019-04-25 17:00:38.835 INFO  o.h.Version - HHH000412: Hibernate Core {5.4.1.Final}
2019-04-25 17:00:39.107 INFO  o.h.a.c.Version - HCANN000001: Hibernate Commons Annotations {5.1.0.Final}
2019-04-25 17:00:41.753 INFO  o.h.d.Dialect - HHH000400: Using dialect: org.hibernate.dialect.MySQLDialect
2019-04-25 17:00:43.029 INFO  o.h.e.t.j.p.i.JtaPlatformInitiator - HHH000490: Using JtaPlatform implementation: [org.hibernate.engine.transaction.jta.platform.internal.NoJtaPlatform]
2019-04-25 17:00:43.031 INFO  o.s.o.j.LocalContainerEntityManagerFactoryBean - Initialized JPA EntityManagerFactory for persistence unit 'default'
2019-04-25 17:00:44.075 WARN  o.s.b.a.o.j.JpaBaseConfiguration$JpaWebConfiguration$JpaWebMvcConfiguration - spring.jpa.open-in-view is enabled by default. Therefore, database queries may be performed during view rendering. Explicitly configure spring.jpa.open-in-view to disable this warning
2019-04-25 17:00:44.261 INFO  s.d.s.w.PropertySourcedRequestMappingHandlerMapping - Mapped URL path [/v2/api-docs] onto method [public org.springframework.http.ResponseEntity<springfox.documentation.spring.web.json.Json> springfox.documentation.swagger2.web.Swagger2Controller.getDocumentation(java.lang.String,javax.servlet.http.HttpServletRequest)]
2019-04-25 17:00:44.616 INFO  o.s.s.c.ThreadPoolTaskExecutor - Initializing ExecutorService 'applicationTaskExecutor'
2019-04-25 17:00:44.842 INFO  s.d.s.w.p.DocumentationPluginsBootstrapper - Context refreshed
2019-04-25 17:00:44.869 INFO  s.d.s.w.p.DocumentationPluginsBootstrapper - Found 1 custom documentation plugin(s)
2019-04-25 17:00:44.913 INFO  s.d.s.w.s.ApiListingReferenceScanner - Scanning for api listing references
2019-04-25 17:00:45.067 INFO  s.d.s.w.r.o.CachingOperationNameGenerator - Generating unique operation named: authorizeUsingPOST_1
2019-04-25 17:00:45.239 INFO  o.s.b.w.e.t.TomcatWebServer - Tomcat started on port(s): 8080 (http) with context path ''
2019-04-25 17:00:45.241 INFO  c.b.a.Application - Started Application in 11.095 seconds (JVM running for 13.396)
2019-04-25 17:01:28.218 INFO  o.a.c.c.C.[.[.[/] - Initializing Spring DispatcherServlet 'dispatcherServlet'
2019-04-25 17:01:28.219 INFO  o.s.w.s.DispatcherServlet - Initializing Servlet 'dispatcherServlet'
2019-04-25 17:01:28.230 INFO  o.s.w.s.DispatcherServlet - Completed initialization in 11 ms
2019-04-25 17:01:28.453 WARN  o.a.c.u.SessionIdGeneratorBase - Creation of SecureRandom instance for session ID generation using [SHA1PRNG] took [211] milliseconds.
2019-04-25 17:01:28.464 INFO  c.b.u.l.LogUtil - HOTEL => GET  62FDA6A14017CA9F8DBA6911E3448C08 0:0:0:0:0:0:0:1 /hotel/booking/searchFree?startDate=25.Apr&endDate=25.Apr&clients=1&price=500
2019-04-25 17:01:28.912 INFO  c.b.u.l.LogUtil - HOTEL <= GET  62FDA6A14017CA9F8DBA6911E3448C08 0:0:0:0:0:0:0:1 /hotel/booking/searchFree?startDate=25.Apr&endDate=25.Apr&clients=1&price=500: returned status=200 in 668ms. Response body: [{"id":2,"roomAmount":3,"hotelRoomType":{"id":1,"humanAmount":1,"type_name":"111","description":"1"},"client":null,"price":123.0,"url":"https://pp.userapi.com/c854028/v854028525/2b94f/DcPoMxV66Xk.jpg","description":"Пока нет описания","dateFrom":"2019-05-23T07:55:45Z","dateTo":"2019-04-23T07:55:49Z"},{"id":3,"roomAmount":5,"hotelRoomType":{"id":1,"humanAmount":1,"type_name":"111","description":"1"},"client":null,"price":345.0,"url":"https://pp.userapi.com/c854028/v854028525/2b94f/DcPoMxV66Xk.jpg","description":"Пока нет описания","dateFrom":"2019-05-23T07:55:45Z","dateTo":"2019-04-23T07:55:49Z"}]
2019-04-25 17:01:37.344 INFO  c.b.u.l.LogUtil - HOTEL => OPTIONS  CBD6C2854FAC90CB1414E6B71D43011C 0:0:0:0:0:0:0:1 /hotel/booking/booking
2019-04-25 17:01:37.350 INFO  c.b.u.l.LogUtil - HOTEL <= OPTIONS  CBD6C2854FAC90CB1414E6B71D43011C 0:0:0:0:0:0:0:1 /hotel/booking/booking: returned status=200 in 6ms. Response body: 
2019-04-25 17:01:37.358 INFO  c.b.u.l.LogUtil - HOTEL => POST  1392921FD84357B0CD705C4D7AD9487F 0:0:0:0:0:0:0:1 /hotel/booking/booking roomId=2
2019-04-25 17:01:37.411 ERROR c.b.c.BaseController - Внутренняя ошибка системы
org.springframework.http.converter.HttpMessageNotReadableException: JSON parse error: Unrecognized token 'roomId': was expecting ('true', 'false' or 'null'); nested exception is com.fasterxml.jackson.core.JsonParseException: Unrecognized token 'roomId': was expecting ('true', 'false' or 'null')
 at [Source: (PushbackInputStream); line: 1, column: 8]
	at org.springframework.http.converter.json.AbstractJackson2HttpMessageConverter.readJavaType(AbstractJackson2HttpMessageConverter.java:245)
	at org.springframework.http.converter.json.AbstractJackson2HttpMessageConverter.read(AbstractJackson2HttpMessageConverter.java:227)
	at org.springframework.web.servlet.mvc.method.annotation.AbstractMessageConverterMethodArgumentResolver.readWithMessageConverters(AbstractMessageConverterMethodArgumentResolver.java:204)
	at org.springframework.web.servlet.mvc.method.annotation.RequestResponseBodyMethodProcessor.readWithMessageConverters(RequestResponseBodyMethodProcessor.java:157)
	at org.springframework.web.servlet.mvc.method.annotation.RequestResponseBodyMethodProcessor.resolveArgument(RequestResponseBodyMethodProcessor.java:130)
	at org.springframework.web.method.support.HandlerMethodArgumentResolverComposite.resolveArgument(HandlerMethodArgumentResolverComposite.java:126)
	at org.springframework.web.method.support.InvocableHandlerMethod.getMethodArgumentValues(InvocableHandlerMethod.java:166)
	at org.springframework.web.method.support.InvocableHandlerMethod.invokeForRequest(InvocableHandlerMethod.java:134)
	at org.springframework.web.servlet.mvc.method.annotation.ServletInvocableHandlerMethod.invokeAndHandle(ServletInvocableHandlerMethod.java:102)
	at org.springframework.web.servlet.mvc.method.annotation.RequestMappingHandlerAdapter.invokeHandlerMethod(RequestMappingHandlerAdapter.java:895)
	at org.springframework.web.servlet.mvc.method.annotation.RequestMappingHandlerAdapter.handleInternal(RequestMappingHandlerAdapter.java:800)
	at org.springframework.web.servlet.mvc.method.AbstractHandlerMethodAdapter.handle(AbstractHandlerMethodAdapter.java:87)
	at org.springframework.web.servlet.DispatcherServlet.doDispatch(DispatcherServlet.java:1038)
	at org.springframework.web.servlet.DispatcherServlet.doService(DispatcherServlet.java:942)
	at org.springframework.web.servlet.FrameworkServlet.processRequest(FrameworkServlet.java:1005)
	at org.springframework.web.servlet.FrameworkServlet.doPost(FrameworkServlet.java:908)
	at javax.servlet.http.HttpServlet.service(HttpServlet.java:660)
	at org.springframework.web.servlet.FrameworkServlet.service(FrameworkServlet.java:882)
	at javax.servlet.http.HttpServlet.service(HttpServlet.java:741)
	at org.apache.catalina.core.ApplicationFilterChain.internalDoFilter(ApplicationFilterChain.java:231)
	at org.apache.catalina.core.ApplicationFilterChain.doFilter(ApplicationFilterChain.java:166)
	at org.apache.tomcat.websocket.server.WsFilter.doFilter(WsFilter.java:53)
	at org.apache.catalina.core.ApplicationFilterChain.internalDoFilter(ApplicationFilterChain.java:193)
	at org.apache.catalina.core.ApplicationFilterChain.doFilter(ApplicationFilterChain.java:166)
	at com.booking.utils.logging.HttpServletLogger.doFilterInternal(HttpServletLogger.java:34)
	at org.springframework.web.filter.OncePerRequestFilter.doFilter(OncePerRequestFilter.java:107)
	at org.apache.catalina.core.ApplicationFilterChain.internalDoFilter(ApplicationFilterChain.java:193)
	at org.apache.catalina.core.ApplicationFilterChain.doFilter(ApplicationFilterChain.java:166)
	at org.springframework.web.filter.RequestContextFilter.doFilterInternal(RequestContextFilter.java:99)
	at org.springframework.web.filter.OncePerRequestFilter.doFilter(OncePerRequestFilter.java:107)
	at org.apache.catalina.core.ApplicationFilterChain.internalDoFilter(ApplicationFilterChain.java:193)
	at org.apache.catalina.core.ApplicationFilterChain.doFilter(ApplicationFilterChain.java:166)
	at org.springframework.web.filter.FormContentFilter.doFilterInternal(FormContentFilter.java:92)
	at org.springframework.web.filter.OncePerRequestFilter.doFilter(OncePerRequestFilter.java:107)
	at org.apache.catalina.core.ApplicationFilterChain.internalDoFilter(ApplicationFilterChain.java:193)
	at org.apache.catalina.core.ApplicationFilterChain.doFilter(ApplicationFilterChain.java:166)
	at org.springframework.web.filter.HiddenHttpMethodFilter.doFilterInternal(HiddenHttpMethodFilter.java:93)
	at org.springframework.web.filter.OncePerRequestFilter.doFilter(OncePerRequestFilter.java:107)
	at org.apache.catalina.core.ApplicationFilterChain.internalDoFilter(ApplicationFilterChain.java:193)
	at org.apache.catalina.core.ApplicationFilterChain.doFilter(ApplicationFilterChain.java:166)
	at org.springframework.web.filter.CharacterEncodingFilter.doFilterInternal(CharacterEncodingFilter.java:200)
	at org.springframework.web.filter.OncePerRequestFilter.doFilter(OncePerRequestFilter.java:107)
	at org.apache.catalina.core.ApplicationFilterChain.internalDoFilter(ApplicationFilterChain.java:193)
	at org.apache.catalina.core.ApplicationFilterChain.doFilter(ApplicationFilterChain.java:166)
	at org.apache.catalina.core.StandardWrapperValve.invoke(StandardWrapperValve.java:199)
	at org.apache.catalina.core.StandardContextValve.invoke(StandardContextValve.java:96)
	at org.apache.catalina.authenticator.AuthenticatorBase.invoke(AuthenticatorBase.java:490)
	at org.apache.catalina.core.StandardHostValve.invoke(StandardHostValve.java:139)
	at org.apache.catalina.valves.ErrorReportValve.invoke(ErrorReportValve.java:92)
	at org.apache.catalina.core.StandardEngineValve.invoke(StandardEngineValve.java:74)
	at org.apache.catalina.connector.CoyoteAdapter.service(CoyoteAdapter.java:343)
	at org.apache.coyote.http11.Http11Processor.service(Http11Processor.java:408)
	at org.apache.coyote.AbstractProcessorLight.process(AbstractProcessorLight.java:66)
	at org.apache.coyote.AbstractProtocol$ConnectionHandler.process(AbstractProtocol.java:834)
	at org.apache.tomcat.util.net.NioEndpoint$SocketProcessor.doRun(NioEndpoint.java:1417)
	at org.apache.tomcat.util.net.SocketProcessorBase.run(SocketProcessorBase.java:49)
	at java.base/java.util.concurrent.ThreadPoolExecutor.runWorker(ThreadPoolExecutor.java:1128)
	at java.base/java.util.concurrent.ThreadPoolExecutor$Worker.run(ThreadPoolExecutor.java:628)
	at org.apache.tomcat.util.threads.TaskThread$WrappingRunnable.run(TaskThread.java:61)
	at java.base/java.lang.Thread.run(Thread.java:834)
Caused by: com.fasterxml.jackson.core.JsonParseException: Unrecognized token 'roomId': was expecting ('true', 'false' or 'null')
 at [Source: (PushbackInputStream); line: 1, column: 8]
	at com.fasterxml.jackson.core.JsonParser._constructError(JsonParser.java:1804)
	at com.fasterxml.jackson.core.base.ParserMinimalBase._reportError(ParserMinimalBase.java:703)
	at com.fasterxml.jackson.core.json.UTF8StreamJsonParser._reportInvalidToken(UTF8StreamJsonParser.java:3532)
	at com.fasterxml.jackson.core.json.UTF8StreamJsonParser._handleUnexpectedValue(UTF8StreamJsonParser.java:2627)
	at com.fasterxml.jackson.core.json.UTF8StreamJsonParser._nextTokenNotInObject(UTF8StreamJsonParser.java:832)
	at com.fasterxml.jackson.core.json.UTF8StreamJsonParser.nextToken(UTF8StreamJsonParser.java:729)
	at com.fasterxml.jackson.databind.ObjectMapper._initForReading(ObjectMapper.java:4141)
	at com.fasterxml.jackson.databind.ObjectMapper._readMapAndClose(ObjectMapper.java:4000)
	at com.fasterxml.jackson.databind.ObjectMapper.readValue(ObjectMapper.java:3084)
	at org.springframework.http.converter.json.AbstractJackson2HttpMessageConverter.readJavaType(AbstractJackson2HttpMessageConverter.java:239)
	... 59 common frames omitted
2019-04-25 17:01:37.415 INFO  c.b.u.l.LogUtil - HOTEL <= POST  1392921FD84357B0CD705C4D7AD9487F 0:0:0:0:0:0:0:1 /hotel/booking/booking: returned status=500 in 57ms. Response body: {"error":"Внутренняя ошибка системы","message":""}
2019-04-25 17:02:35.649 INFO  c.b.u.l.LogUtil - HOTEL => GET  6131C68FEADA7D93F782320AEF25BB56 0:0:0:0:0:0:0:1 /hotel/booking/searchFree?startDate=25.Apr&endDate=25.Apr&clients=1&price=500
2019-04-25 17:02:35.684 INFO  c.b.u.l.LogUtil - HOTEL <= GET  6131C68FEADA7D93F782320AEF25BB56 0:0:0:0:0:0:0:1 /hotel/booking/searchFree?startDate=25.Apr&endDate=25.Apr&clients=1&price=500: returned status=200 in 35ms. Response body: [{"id":2,"roomAmount":3,"hotelRoomType":{"id":1,"humanAmount":1,"type_name":"111","description":"1"},"client":null,"price":123.0,"url":"https://pp.userapi.com/c854028/v854028525/2b94f/DcPoMxV66Xk.jpg","description":"Пока нет описания","dateFrom":"2019-05-23T07:55:45Z","dateTo":"2019-04-23T07:55:49Z"},{"id":3,"roomAmount":5,"hotelRoomType":{"id":1,"humanAmount":1,"type_name":"111","description":"1"},"client":null,"price":345.0,"url":"https://pp.userapi.com/c854028/v854028525/2b94f/DcPoMxV66Xk.jpg","description":"Пока нет описания","dateFrom":"2019-05-23T07:55:45Z","dateTo":"2019-04-23T07:55:49Z"}]
2019-04-25 17:02:42.359 INFO  c.b.u.l.LogUtil - HOTEL => POST  7057EA27E05DDB81C7F2355CE432E48F 0:0:0:0:0:0:0:1 /hotel/booking/booking {"roomId":"2"}
2019-04-25 17:02:42.369 INFO  c.b.u.l.LogUtil - HOTEL <= POST  7057EA27E05DDB81C7F2355CE432E48F 0:0:0:0:0:0:0:1 /hotel/booking/booking: returned status=200 in 10ms. Response body: 
2019-04-25 17:07:51.808 INFO  c.b.a.Application - Starting Application on Ivan-PC with PID 13552 (E:\Projects\CourseWork\Git\booking\target\classes started by Ivant in E:\Projects\CourseWork\Git\booking)
2019-04-25 17:07:51.812 INFO  c.b.a.Application - No active profile set, falling back to default profiles: default
2019-04-25 17:07:53.361 INFO  o.s.d.r.c.RepositoryConfigurationDelegate - Bootstrapping Spring Data repositories in DEFAULT mode.
2019-04-25 17:07:53.416 INFO  o.s.d.r.c.RepositoryConfigurationDelegate - Finished Spring Data repository scanning in 48ms. Found 4 repository interfaces.
2019-04-25 17:07:53.830 INFO  o.s.c.s.PostProcessorRegistrationDelegate$BeanPostProcessorChecker - Bean 'org.springframework.transaction.annotation.ProxyTransactionManagementConfiguration' of type [org.springframework.transaction.annotation.ProxyTransactionManagementConfiguration$$EnhancerBySpringCGLIB$$625adfe1] is not eligible for getting processed by all BeanPostProcessors (for example: not eligible for auto-proxying)
2019-04-25 17:07:54.155 INFO  o.s.b.w.e.t.TomcatWebServer - Tomcat initialized with port(s): 8080 (http)
2019-04-25 17:07:54.183 INFO  o.a.c.c.StandardService - Starting service [Tomcat]
2019-04-25 17:07:54.183 INFO  o.a.c.c.StandardEngine - Starting Servlet engine: [Apache Tomcat/9.0.14]
2019-04-25 17:07:54.189 INFO  o.a.c.c.AprLifecycleListener - The APR based Apache Tomcat Native library which allows optimal performance in production environments was not found on the java.library.path: [F:\Program Files\Java\jdk-11.0.1\bin;C:\Windows\Sun\Java\bin;C:\Windows\system32;C:\Windows;C:\Program Files (x86)\Common Files\Oracle\Java\javapath;C:\Program Files (x86)\Intel\Intel(R) Management Engine Components\iCLS\;C:\Program Files\Intel\Intel(R) Management Engine Components\iCLS\;C:\Windows\system32;C:\Windows;C:\Windows\System32\Wbem;C:\Windows\System32\WindowsPowerShell\v1.0\;C:\Windows\System32\OpenSSH\;C:\Program Files (x86)\Intel\Intel(R) Management Engine Components\DAL;C:\Program Files\Intel\Intel(R) Management Engine Components\DAL;C:\Program Files (x86)\Intel\Intel(R) Management Engine Components\IPT;C:\Program Files\Intel\Intel(R) Management Engine Components\IPT;C:\Program Files\Intel\WiFi\bin\;C:\Program Files\Common Files\Intel\WirelessCommon\;C:\Program Files\Microsoft VS Code\bin;C:\Program Files\Git\cmd;C:\Program Files\nodejs\;C:\Users\Ivant\AppData\Local\Microsoft\WindowsApps;C:\Program Files\Intel\WiFi\bin\;C:\Program Files\Common Files\Intel\WirelessCommon\;C:\Program Files\Java\jdk1.8.0_192\bin;C:\Users\Ivant\AppData\Roaming\npm;E:\Программы\apache-maven-3.6.0\bin;C:\Program Files\Java\jdk1.8.0_192\bin;;.]
2019-04-25 17:07:54.285 INFO  o.a.c.c.C.[.[.[/] - Initializing Spring embedded WebApplicationContext
2019-04-25 17:07:54.285 INFO  o.s.w.c.ContextLoader - Root WebApplicationContext: initialization completed in 2375 ms
2019-04-25 17:07:54.402 INFO  o.h.j.i.u.LogHelper - HHH000204: Processing PersistenceUnitInfo [name: default]
2019-04-25 17:07:54.460 INFO  o.h.Version - HHH000412: Hibernate Core {5.4.1.Final}
2019-04-25 17:07:54.573 INFO  o.h.a.c.Version - HCANN000001: Hibernate Commons Annotations {5.1.0.Final}
2019-04-25 17:07:55.021 INFO  o.h.d.Dialect - HHH000400: Using dialect: org.hibernate.dialect.MySQLDialect
2019-04-25 17:07:55.857 INFO  o.h.e.t.j.p.i.JtaPlatformInitiator - HHH000490: Using JtaPlatform implementation: [org.hibernate.engine.transaction.jta.platform.internal.NoJtaPlatform]
2019-04-25 17:07:55.860 INFO  o.s.o.j.LocalContainerEntityManagerFactoryBean - Initialized JPA EntityManagerFactory for persistence unit 'default'
2019-04-25 17:07:56.572 WARN  o.s.b.a.o.j.JpaBaseConfiguration$JpaWebConfiguration$JpaWebMvcConfiguration - spring.jpa.open-in-view is enabled by default. Therefore, database queries may be performed during view rendering. Explicitly configure spring.jpa.open-in-view to disable this warning
2019-04-25 17:07:56.692 INFO  s.d.s.w.PropertySourcedRequestMappingHandlerMapping - Mapped URL path [/v2/api-docs] onto method [public org.springframework.http.ResponseEntity<springfox.documentation.spring.web.json.Json> springfox.documentation.swagger2.web.Swagger2Controller.getDocumentation(java.lang.String,javax.servlet.http.HttpServletRequest)]
2019-04-25 17:07:56.926 INFO  o.s.s.c.ThreadPoolTaskExecutor - Initializing ExecutorService 'applicationTaskExecutor'
2019-04-25 17:07:57.096 INFO  s.d.s.w.p.DocumentationPluginsBootstrapper - Context refreshed
2019-04-25 17:07:57.110 INFO  s.d.s.w.p.DocumentationPluginsBootstrapper - Found 1 custom documentation plugin(s)
2019-04-25 17:07:57.144 INFO  s.d.s.w.s.ApiListingReferenceScanner - Scanning for api listing references
2019-04-25 17:07:57.304 INFO  s.d.s.w.r.o.CachingOperationNameGenerator - Generating unique operation named: authorizeUsingPOST_1
2019-04-25 17:07:57.439 INFO  o.s.b.w.e.t.TomcatWebServer - Tomcat started on port(s): 8080 (http) with context path ''
2019-04-25 17:07:57.441 INFO  c.b.a.Application - Started Application in 6.142 seconds (JVM running for 7.453)
2019-04-25 17:08:01.744 INFO  o.a.c.c.C.[.[.[/] - Initializing Spring DispatcherServlet 'dispatcherServlet'
2019-04-25 17:08:01.746 INFO  o.s.w.s.DispatcherServlet - Initializing Servlet 'dispatcherServlet'
2019-04-25 17:08:01.766 INFO  o.s.w.s.DispatcherServlet - Completed initialization in 19 ms
2019-04-25 17:08:02.204 WARN  o.a.c.u.SessionIdGeneratorBase - Creation of SecureRandom instance for session ID generation using [SHA1PRNG] took [415] milliseconds.
2019-04-25 17:08:02.218 INFO  c.b.u.l.LogUtil - HOTEL => GET  55E66C9B095611F5EB24E29E1CB58FAE 0:0:0:0:0:0:0:1 /hotel/booking/searchFree?startDate=25.Apr&endDate=25.Apr&clients=1&price=500
2019-04-25 17:08:02.702 INFO  c.b.u.l.LogUtil - HOTEL <= GET  55E66C9B095611F5EB24E29E1CB58FAE 0:0:0:0:0:0:0:1 /hotel/booking/searchFree?startDate=25.Apr&endDate=25.Apr&clients=1&price=500: returned status=200 in 915ms. Response body: [{"id":2,"roomAmount":3,"hotelRoomType":{"id":1,"humanAmount":1,"type_name":"111","description":"1"},"client":null,"price":123.0,"url":"https://pp.userapi.com/c854028/v854028525/2b94f/DcPoMxV66Xk.jpg","description":"Пока нет описания","dateFrom":"2019-05-23T07:55:45Z","dateTo":"2019-04-23T07:55:49Z"},{"id":3,"roomAmount":5,"hotelRoomType":{"id":1,"humanAmount":1,"type_name":"111","description":"1"},"client":null,"price":345.0,"url":"https://pp.userapi.com/c854028/v854028525/2b94f/DcPoMxV66Xk.jpg","description":"Пока нет описания","dateFrom":"2019-05-23T07:55:45Z","dateTo":"2019-04-23T07:55:49Z"}]
2019-04-25 17:08:10.070 INFO  c.b.u.l.LogUtil - HOTEL => POST  91EDA0ACAABFCF6E47C5842EB7233FC5 0:0:0:0:0:0:0:1 /hotel/booking/booking {"roomId":"2","servises":["data112","data1asda","dataasds"],"extraServises":["datqwewqa112","ds"]}
2019-04-25 17:08:10.109 INFO  c.b.u.l.LogUtil - HOTEL <= POST  91EDA0ACAABFCF6E47C5842EB7233FC5 0:0:0:0:0:0:0:1 /hotel/booking/booking: returned status=200 in 40ms. Response body: 
2019-04-25 17:14:38.954 INFO  c.b.u.l.LogUtil - HOTEL => GET  905A8D65ED8062010453AA6672F4B3D9 0:0:0:0:0:0:0:1 /hotel/booking/searchFree?startDate=25.Apr&endDate=25.Apr&clients=1&price=500
2019-04-25 17:14:39.002 INFO  c.b.u.l.LogUtil - HOTEL <= GET  905A8D65ED8062010453AA6672F4B3D9 0:0:0:0:0:0:0:1 /hotel/booking/searchFree?startDate=25.Apr&endDate=25.Apr&clients=1&price=500: returned status=200 in 47ms. Response body: [{"id":2,"roomAmount":3,"hotelRoomType":{"id":1,"humanAmount":1,"type_name":"111","description":"1"},"client":null,"price":123.0,"url":"https://pp.userapi.com/c854028/v854028525/2b94f/DcPoMxV66Xk.jpg","description":"Пока нет описания","dateFrom":"2019-05-23T07:55:45Z","dateTo":"2019-04-23T07:55:49Z"},{"id":3,"roomAmount":5,"hotelRoomType":{"id":1,"humanAmount":1,"type_name":"111","description":"1"},"client":null,"price":345.0,"url":"https://pp.userapi.com/c854028/v854028525/2b94f/DcPoMxV66Xk.jpg","description":"Пока нет описания","dateFrom":"2019-05-23T07:55:45Z","dateTo":"2019-04-23T07:55:49Z"}]
2019-04-25 17:17:15.252 INFO  c.b.u.l.LogUtil - HOTEL => GET  6F88429FCB36A20E069EABF3E07F1ADA 0:0:0:0:0:0:0:1 /hotel/booking/searchFree?startDate=25.Apr&endDate=25.Apr&clients=1&price=500
2019-04-25 17:17:15.289 INFO  c.b.u.l.LogUtil - HOTEL <= GET  6F88429FCB36A20E069EABF3E07F1ADA 0:0:0:0:0:0:0:1 /hotel/booking/searchFree?startDate=25.Apr&endDate=25.Apr&clients=1&price=500: returned status=200 in 37ms. Response body: [{"id":2,"roomAmount":3,"hotelRoomType":{"id":1,"humanAmount":1,"type_name":"111","description":"1"},"client":null,"price":123.0,"url":"https://pp.userapi.com/c854028/v854028525/2b94f/DcPoMxV66Xk.jpg","description":"Пока нет описания","dateFrom":"2019-05-23T07:55:45Z","dateTo":"2019-04-23T07:55:49Z"},{"id":3,"roomAmount":5,"hotelRoomType":{"id":1,"humanAmount":1,"type_name":"111","description":"1"},"client":null,"price":345.0,"url":"https://pp.userapi.com/c854028/v854028525/2b94f/DcPoMxV66Xk.jpg","description":"Пока нет описания","dateFrom":"2019-05-23T07:55:45Z","dateTo":"2019-04-23T07:55:49Z"}]
2019-04-25 17:19:51.141 INFO  c.b.a.Application - Starting Application on Ivan-PC with PID 18068 (E:\Projects\CourseWork\Git\booking\target\classes started by Ivant in E:\Projects\CourseWork\Git\booking)
2019-04-25 17:19:51.146 INFO  c.b.a.Application - No active profile set, falling back to default profiles: default
2019-04-25 17:19:53.257 INFO  o.s.d.r.c.RepositoryConfigurationDelegate - Bootstrapping Spring Data repositories in DEFAULT mode.
2019-04-25 17:19:53.311 INFO  o.s.d.r.c.RepositoryConfigurationDelegate - Finished Spring Data repository scanning in 49ms. Found 4 repository interfaces.
2019-04-25 17:19:53.786 INFO  o.s.c.s.PostProcessorRegistrationDelegate$BeanPostProcessorChecker - Bean 'org.springframework.transaction.annotation.ProxyTransactionManagementConfiguration' of type [org.springframework.transaction.annotation.ProxyTransactionManagementConfiguration$$EnhancerBySpringCGLIB$$c31d37de] is not eligible for getting processed by all BeanPostProcessors (for example: not eligible for auto-proxying)
2019-04-25 17:19:54.126 INFO  o.s.b.w.e.t.TomcatWebServer - Tomcat initialized with port(s): 8080 (http)
2019-04-25 17:19:54.152 INFO  o.a.c.c.StandardService - Starting service [Tomcat]
2019-04-25 17:19:54.152 INFO  o.a.c.c.StandardEngine - Starting Servlet engine: [Apache Tomcat/9.0.14]
2019-04-25 17:19:54.159 INFO  o.a.c.c.AprLifecycleListener - The APR based Apache Tomcat Native library which allows optimal performance in production environments was not found on the java.library.path: [F:\Program Files\Java\jdk-11.0.1\bin;C:\Windows\Sun\Java\bin;C:\Windows\system32;C:\Windows;C:\Program Files (x86)\Common Files\Oracle\Java\javapath;C:\Program Files (x86)\Intel\Intel(R) Management Engine Components\iCLS\;C:\Program Files\Intel\Intel(R) Management Engine Components\iCLS\;C:\Windows\system32;C:\Windows;C:\Windows\System32\Wbem;C:\Windows\System32\WindowsPowerShell\v1.0\;C:\Windows\System32\OpenSSH\;C:\Program Files (x86)\Intel\Intel(R) Management Engine Components\DAL;C:\Program Files\Intel\Intel(R) Management Engine Components\DAL;C:\Program Files (x86)\Intel\Intel(R) Management Engine Components\IPT;C:\Program Files\Intel\Intel(R) Management Engine Components\IPT;C:\Program Files\Intel\WiFi\bin\;C:\Program Files\Common Files\Intel\WirelessCommon\;C:\Program Files\Microsoft VS Code\bin;C:\Program Files\Git\cmd;C:\Program Files\nodejs\;C:\Users\Ivant\AppData\Local\Microsoft\WindowsApps;C:\Program Files\Intel\WiFi\bin\;C:\Program Files\Common Files\Intel\WirelessCommon\;C:\Program Files\Java\jdk1.8.0_192\bin;C:\Users\Ivant\AppData\Roaming\npm;E:\Программы\apache-maven-3.6.0\bin;C:\Program Files\Java\jdk1.8.0_192\bin;;.]
2019-04-25 17:19:54.255 INFO  o.a.c.c.C.[.[.[/] - Initializing Spring embedded WebApplicationContext
2019-04-25 17:19:54.256 INFO  o.s.w.c.ContextLoader - Root WebApplicationContext: initialization completed in 3028 ms
2019-04-25 17:19:54.425 INFO  o.h.j.i.u.LogHelper - HHH000204: Processing PersistenceUnitInfo [name: default]
2019-04-25 17:19:54.493 INFO  o.h.Version - HHH000412: Hibernate Core {5.4.1.Final}
2019-04-25 17:19:54.651 INFO  o.h.a.c.Version - HCANN000001: Hibernate Commons Annotations {5.1.0.Final}
2019-04-25 17:19:55.037 INFO  o.h.d.Dialect - HHH000400: Using dialect: org.hibernate.dialect.MySQLDialect
2019-04-25 17:19:55.819 INFO  o.h.e.t.j.p.i.JtaPlatformInitiator - HHH000490: Using JtaPlatform implementation: [org.hibernate.engine.transaction.jta.platform.internal.NoJtaPlatform]
2019-04-25 17:19:55.821 INFO  o.s.o.j.LocalContainerEntityManagerFactoryBean - Initialized JPA EntityManagerFactory for persistence unit 'default'
2019-04-25 17:19:56.417 WARN  o.s.b.a.o.j.JpaBaseConfiguration$JpaWebConfiguration$JpaWebMvcConfiguration - spring.jpa.open-in-view is enabled by default. Therefore, database queries may be performed during view rendering. Explicitly configure spring.jpa.open-in-view to disable this warning
2019-04-25 17:19:56.536 INFO  s.d.s.w.PropertySourcedRequestMappingHandlerMapping - Mapped URL path [/v2/api-docs] onto method [public org.springframework.http.ResponseEntity<springfox.documentation.spring.web.json.Json> springfox.documentation.swagger2.web.Swagger2Controller.getDocumentation(java.lang.String,javax.servlet.http.HttpServletRequest)]
2019-04-25 17:19:56.781 INFO  o.s.s.c.ThreadPoolTaskExecutor - Initializing ExecutorService 'applicationTaskExecutor'
2019-04-25 17:19:56.981 INFO  s.d.s.w.p.DocumentationPluginsBootstrapper - Context refreshed
2019-04-25 17:19:57.007 INFO  s.d.s.w.p.DocumentationPluginsBootstrapper - Found 1 custom documentation plugin(s)
2019-04-25 17:19:57.038 INFO  s.d.s.w.s.ApiListingReferenceScanner - Scanning for api listing references
2019-04-25 17:19:57.167 INFO  s.d.s.w.r.o.CachingOperationNameGenerator - Generating unique operation named: authorizeUsingPOST_1
2019-04-25 17:19:57.298 INFO  o.s.b.w.e.t.TomcatWebServer - Tomcat started on port(s): 8080 (http) with context path ''
2019-04-25 17:19:57.300 INFO  c.b.a.Application - Started Application in 6.887 seconds (JVM running for 9.306)
2019-04-25 17:22:33.698 INFO  o.a.c.c.C.[.[.[/] - Initializing Spring DispatcherServlet 'dispatcherServlet'
2019-04-25 17:22:33.699 INFO  o.s.w.s.DispatcherServlet - Initializing Servlet 'dispatcherServlet'
2019-04-25 17:22:33.723 INFO  o.s.w.s.DispatcherServlet - Completed initialization in 23 ms
2019-04-25 17:22:33.953 WARN  o.a.c.u.SessionIdGeneratorBase - Creation of SecureRandom instance for session ID generation using [SHA1PRNG] took [220] milliseconds.
2019-04-25 17:22:33.965 INFO  c.b.u.l.LogUtil - HOTEL => GET  28E85C105B7C5C9919499090E7E64584 0:0:0:0:0:0:0:1 /hotel/booking/searchFree?startDate=25.Apr&endDate=25.Apr&clients=1&price=500
2019-04-25 17:22:34.285 INFO  c.b.u.l.LogUtil - HOTEL <= GET  28E85C105B7C5C9919499090E7E64584 0:0:0:0:0:0:0:1 /hotel/booking/searchFree?startDate=25.Apr&endDate=25.Apr&clients=1&price=500: returned status=200 in 546ms. Response body: [{"id":2,"roomAmount":3,"hotelRoomType":{"id":1,"humanAmount":1,"type_name":"111","description":"1"},"client":null,"price":123.0,"url":"https://pp.userapi.com/c854028/v854028525/2b94f/DcPoMxV66Xk.jpg","description":"Пока нет описания","dateFrom":"2019-05-23T07:55:45Z","dateTo":"2019-04-23T07:55:49Z"},{"id":3,"roomAmount":5,"hotelRoomType":{"id":1,"humanAmount":1,"type_name":"111","description":"1"},"client":null,"price":345.0,"url":"https://pp.userapi.com/c854028/v854028525/2b94f/DcPoMxV66Xk.jpg","description":"Пока нет описания","dateFrom":"2019-05-23T07:55:45Z","dateTo":"2019-04-23T07:55:49Z"}]
2019-04-25 17:24:27.570 INFO  c.b.u.l.LogUtil - HOTEL => GET  02E7AABB566A323FBD39D0844B0BDEC5 0:0:0:0:0:0:0:1 /hotel/booking/searchFree?startDate=25.Apr&endDate=25.Apr&clients=1&price=500
2019-04-25 17:24:27.615 INFO  c.b.u.l.LogUtil - HOTEL <= GET  02E7AABB566A323FBD39D0844B0BDEC5 0:0:0:0:0:0:0:1 /hotel/booking/searchFree?startDate=25.Apr&endDate=25.Apr&clients=1&price=500: returned status=200 in 44ms. Response body: [{"id":2,"roomAmount":3,"hotelRoomType":{"id":1,"humanAmount":1,"type_name":"111","description":"1"},"client":null,"price":123.0,"url":"https://pp.userapi.com/c854028/v854028525/2b94f/DcPoMxV66Xk.jpg","description":"Пока нет описания","dateFrom":"2019-05-23T07:55:45Z","dateTo":"2019-04-23T07:55:49Z"},{"id":3,"roomAmount":5,"hotelRoomType":{"id":1,"humanAmount":1,"type_name":"111","description":"1"},"client":null,"price":345.0,"url":"https://pp.userapi.com/c854028/v854028525/2b94f/DcPoMxV66Xk.jpg","description":"Пока нет описания","dateFrom":"2019-05-23T07:55:45Z","dateTo":"2019-04-23T07:55:49Z"}]
2019-04-25 17:26:19.644 INFO  c.b.u.l.LogUtil - HOTEL => GET  F21F641CB369D74C708562EFF813B5B7 0:0:0:0:0:0:0:1 /hotel/booking/searchFree?startDate=25.Apr&endDate=25.Apr&clients=1&price=500
2019-04-25 17:26:19.691 INFO  c.b.u.l.LogUtil - HOTEL <= GET  F21F641CB369D74C708562EFF813B5B7 0:0:0:0:0:0:0:1 /hotel/booking/searchFree?startDate=25.Apr&endDate=25.Apr&clients=1&price=500: returned status=200 in 48ms. Response body: [{"id":2,"roomAmount":3,"hotelRoomType":{"id":1,"humanAmount":1,"type_name":"111","description":"1"},"client":null,"price":123.0,"url":"https://pp.userapi.com/c854028/v854028525/2b94f/DcPoMxV66Xk.jpg","description":"Пока нет описания","dateFrom":"2019-05-23T07:55:45Z","dateTo":"2019-04-23T07:55:49Z"},{"id":3,"roomAmount":5,"hotelRoomType":{"id":1,"humanAmount":1,"type_name":"111","description":"1"},"client":null,"price":345.0,"url":"https://pp.userapi.com/c854028/v854028525/2b94f/DcPoMxV66Xk.jpg","description":"Пока нет описания","dateFrom":"2019-05-23T07:55:45Z","dateTo":"2019-04-23T07:55:49Z"}]
2019-04-25 17:27:58.664 INFO  c.b.u.l.LogUtil - HOTEL => GET  C027915C2C5BD25CED6F73F287F559F7 0:0:0:0:0:0:0:1 /hotel/booking/searchFree?startDate=25.Apr&endDate=25.Apr&clients=1&price=500
2019-04-25 17:27:58.705 INFO  c.b.u.l.LogUtil - HOTEL <= GET  C027915C2C5BD25CED6F73F287F559F7 0:0:0:0:0:0:0:1 /hotel/booking/searchFree?startDate=25.Apr&endDate=25.Apr&clients=1&price=500: returned status=200 in 40ms. Response body: [{"id":2,"roomAmount":3,"hotelRoomType":{"id":1,"humanAmount":1,"type_name":"111","description":"1"},"client":null,"price":123.0,"url":"https://pp.userapi.com/c854028/v854028525/2b94f/DcPoMxV66Xk.jpg","description":"Пока нет описания","dateFrom":"2019-05-23T07:55:45Z","dateTo":"2019-04-23T07:55:49Z"},{"id":3,"roomAmount":5,"hotelRoomType":{"id":1,"humanAmount":1,"type_name":"111","description":"1"},"client":null,"price":345.0,"url":"https://pp.userapi.com/c854028/v854028525/2b94f/DcPoMxV66Xk.jpg","description":"Пока нет описания","dateFrom":"2019-05-23T07:55:45Z","dateTo":"2019-04-23T07:55:49Z"}]
2019-04-25 17:28:10.584 INFO  c.b.u.l.LogUtil - HOTEL => GET  3071B82002A2407E728785F66081879B 0:0:0:0:0:0:0:1 /hotel/booking/searchFree?startDate=25.Apr&endDate=25.Apr&clients=1&price=500
2019-04-25 17:28:10.626 INFO  c.b.u.l.LogUtil - HOTEL <= GET  3071B82002A2407E728785F66081879B 0:0:0:0:0:0:0:1 /hotel/booking/searchFree?startDate=25.Apr&endDate=25.Apr&clients=1&price=500: returned status=200 in 41ms. Response body: [{"id":2,"roomAmount":3,"hotelRoomType":{"id":1,"humanAmount":1,"type_name":"111","description":"1"},"client":null,"price":123.0,"url":"https://pp.userapi.com/c854028/v854028525/2b94f/DcPoMxV66Xk.jpg","description":"Пока нет описания","dateFrom":"2019-05-23T07:55:45Z","dateTo":"2019-04-23T07:55:49Z"},{"id":3,"roomAmount":5,"hotelRoomType":{"id":1,"humanAmount":1,"type_name":"111","description":"1"},"client":null,"price":345.0,"url":"https://pp.userapi.com/c854028/v854028525/2b94f/DcPoMxV66Xk.jpg","description":"Пока нет описания","dateFrom":"2019-05-23T07:55:45Z","dateTo":"2019-04-23T07:55:49Z"}]
2019-04-25 17:28:46.403 INFO  c.b.u.l.LogUtil - HOTEL => GET  7EF8349B9561DC4771C3611429EB7ACC 0:0:0:0:0:0:0:1 /hotel/booking/searchFree?startDate=25.Apr&endDate=25.Apr&clients=1&price=500
2019-04-25 17:28:46.438 INFO  c.b.u.l.LogUtil - HOTEL <= GET  7EF8349B9561DC4771C3611429EB7ACC 0:0:0:0:0:0:0:1 /hotel/booking/searchFree?startDate=25.Apr&endDate=25.Apr&clients=1&price=500: returned status=200 in 35ms. Response body: [{"id":2,"roomAmount":3,"hotelRoomType":{"id":1,"humanAmount":1,"type_name":"111","description":"1"},"client":null,"price":123.0,"url":"https://pp.userapi.com/c854028/v854028525/2b94f/DcPoMxV66Xk.jpg","description":"Пока нет описания","dateFrom":"2019-05-23T07:55:45Z","dateTo":"2019-04-23T07:55:49Z"},{"id":3,"roomAmount":5,"hotelRoomType":{"id":1,"humanAmount":1,"type_name":"111","description":"1"},"client":null,"price":345.0,"url":"https://pp.userapi.com/c854028/v854028525/2b94f/DcPoMxV66Xk.jpg","description":"Пока нет описания","dateFrom":"2019-05-23T07:55:45Z","dateTo":"2019-04-23T07:55:49Z"}]
2019-04-25 17:29:46.371 INFO  c.b.u.l.LogUtil - HOTEL => GET  34C6140E5FF92E84E4F0623E77336B7A 0:0:0:0:0:0:0:1 /hotel/booking/searchFree?startDate=25.Apr&endDate=25.Apr&clients=1&price=500
2019-04-25 17:29:46.398 INFO  c.b.u.l.LogUtil - HOTEL <= GET  34C6140E5FF92E84E4F0623E77336B7A 0:0:0:0:0:0:0:1 /hotel/booking/searchFree?startDate=25.Apr&endDate=25.Apr&clients=1&price=500: returned status=200 in 27ms. Response body: [{"id":2,"roomAmount":3,"hotelRoomType":{"id":1,"humanAmount":1,"type_name":"111","description":"1"},"client":null,"price":123.0,"url":"https://pp.userapi.com/c854028/v854028525/2b94f/DcPoMxV66Xk.jpg","description":"Пока нет описания","dateFrom":"2019-05-23T07:55:45Z","dateTo":"2019-04-23T07:55:49Z"},{"id":3,"roomAmount":5,"hotelRoomType":{"id":1,"humanAmount":1,"type_name":"111","description":"1"},"client":null,"price":345.0,"url":"https://pp.userapi.com/c854028/v854028525/2b94f/DcPoMxV66Xk.jpg","description":"Пока нет описания","dateFrom":"2019-05-23T07:55:45Z","dateTo":"2019-04-23T07:55:49Z"}]
2019-04-25 17:29:50.779 INFO  c.b.u.l.LogUtil - HOTEL => OPTIONS  50A1FF71C31F85EE39C743995B112916 0:0:0:0:0:0:0:1 /hotel/booking/booking
2019-04-25 17:29:50.787 INFO  c.b.u.l.LogUtil - HOTEL <= OPTIONS  50A1FF71C31F85EE39C743995B112916 0:0:0:0:0:0:0:1 /hotel/booking/booking: returned status=200 in 8ms. Response body: 
2019-04-25 17:29:50.792 INFO  c.b.u.l.LogUtil - HOTEL => POST  76186FA12DA25B8D76871F8557034E92 0:0:0:0:0:0:0:1 /hotel/booking/booking {"roomId":"2","countVisitors":"0","servises":["data112","data1asda","dataasds"],"extraServises":["datqwewqa112","ds"]}
2019-04-25 17:29:50.842 INFO  c.b.u.l.LogUtil - HOTEL <= POST  76186FA12DA25B8D76871F8557034E92 0:0:0:0:0:0:0:1 /hotel/booking/booking: returned status=200 in 51ms. Response body: 
2019-04-25 17:39:01.110 INFO  c.b.u.l.LogUtil - HOTEL => GET  D62D89A71F6FC93D9AD2BFEE0284C961 0:0:0:0:0:0:0:1 /hotel/booking/searchFree?startDate=25.Apr&endDate=25.Apr&clients=1&price=500
2019-04-25 17:39:01.197 INFO  c.b.u.l.LogUtil - HOTEL <= GET  D62D89A71F6FC93D9AD2BFEE0284C961 0:0:0:0:0:0:0:1 /hotel/booking/searchFree?startDate=25.Apr&endDate=25.Apr&clients=1&price=500: returned status=200 in 87ms. Response body: [{"id":2,"roomAmount":3,"hotelRoomType":{"id":1,"humanAmount":1,"type_name":"111","description":"1"},"client":null,"price":123.0,"url":"https://pp.userapi.com/c854028/v854028525/2b94f/DcPoMxV66Xk.jpg","description":"Пока нет описания","dateFrom":"2019-05-23T07:55:45Z","dateTo":"2019-04-23T07:55:49Z"},{"id":3,"roomAmount":5,"hotelRoomType":{"id":1,"humanAmount":1,"type_name":"111","description":"1"},"client":null,"price":345.0,"url":"https://pp.userapi.com/c854028/v854028525/2b94f/DcPoMxV66Xk.jpg","description":"Пока нет описания","dateFrom":"2019-05-23T07:55:45Z","dateTo":"2019-04-23T07:55:49Z"}]
2019-04-25 17:39:08.774 INFO  c.b.u.l.LogUtil - HOTEL => OPTIONS  DAD8DD37AD9DA7F529A4E2B2DA2DE8BC 0:0:0:0:0:0:0:1 /hotel/booking/booking
2019-04-25 17:39:08.779 INFO  c.b.u.l.LogUtil - HOTEL <= OPTIONS  DAD8DD37AD9DA7F529A4E2B2DA2DE8BC 0:0:0:0:0:0:0:1 /hotel/booking/booking: returned status=200 in 5ms. Response body: 
2019-04-25 17:39:08.797 INFO  c.b.u.l.LogUtil - HOTEL => POST  9D10BB60CC3485646AC2B5BE7C14910D 0:0:0:0:0:0:0:1 /hotel/booking/booking {"roomId":"2","countVisitors":"0","dataFrom":"","dataTo":"","clientName":"","clientEmail":"","clientPhone":"","message":"","cardHolder":"","cardData":"","needBackCall":true,"servises":["data112","data1asda","dataasds"],"extraServises":["datqwewqa112","ds"]}
2019-04-25 17:39:08.810 INFO  c.b.u.l.LogUtil - HOTEL <= POST  9D10BB60CC3485646AC2B5BE7C14910D 0:0:0:0:0:0:0:1 /hotel/booking/booking: returned status=200 in 13ms. Response body: 
2019-04-25 17:39:19.411 INFO  c.b.u.l.LogUtil - HOTEL => POST  50E2FF19CC898C7505CBE5B0432EC27D 0:0:0:0:0:0:0:1 /hotel/booking/booking {"roomId":"2","countVisitors":"0","dataFrom":"","dataTo":"","clientName":"","clientEmail":"","clientPhone":"","message":"","cardHolder":"","cardData":"","needBackCall":true,"servises":["data112","data1asda","dataasds"],"extraServises":["datqwewqa112","ds"]}
2019-04-25 17:39:19.416 INFO  c.b.u.l.LogUtil - HOTEL <= POST  50E2FF19CC898C7505CBE5B0432EC27D 0:0:0:0:0:0:0:1 /hotel/booking/booking: returned status=200 in 5ms. Response body: 
2019-04-25 17:41:55.977 INFO  c.b.a.Application - Starting Application on Ivan-PC with PID 14812 (E:\Projects\CourseWork\Git\booking\target\classes started by Ivant in E:\Projects\CourseWork\Git\booking)
2019-04-25 17:41:55.981 INFO  c.b.a.Application - No active profile set, falling back to default profiles: default
2019-04-25 17:41:57.392 INFO  o.s.d.r.c.RepositoryConfigurationDelegate - Bootstrapping Spring Data repositories in DEFAULT mode.
2019-04-25 17:41:57.551 INFO  o.s.d.r.c.RepositoryConfigurationDelegate - Finished Spring Data repository scanning in 148ms. Found 4 repository interfaces.
2019-04-25 17:41:58.718 INFO  o.s.c.s.PostProcessorRegistrationDelegate$BeanPostProcessorChecker - Bean 'org.springframework.transaction.annotation.ProxyTransactionManagementConfiguration' of type [org.springframework.transaction.annotation.ProxyTransactionManagementConfiguration$$EnhancerBySpringCGLIB$$9e0c7153] is not eligible for getting processed by all BeanPostProcessors (for example: not eligible for auto-proxying)
2019-04-25 17:41:59.421 INFO  o.s.b.w.e.t.TomcatWebServer - Tomcat initialized with port(s): 8080 (http)
2019-04-25 17:41:59.471 INFO  o.a.c.c.StandardService - Starting service [Tomcat]
2019-04-25 17:41:59.472 INFO  o.a.c.c.StandardEngine - Starting Servlet engine: [Apache Tomcat/9.0.14]
2019-04-25 17:41:59.486 INFO  o.a.c.c.AprLifecycleListener - The APR based Apache Tomcat Native library which allows optimal performance in production environments was not found on the java.library.path: [F:\Program Files\Java\jdk-11.0.1\bin;C:\Windows\Sun\Java\bin;C:\Windows\system32;C:\Windows;C:\Program Files (x86)\Common Files\Oracle\Java\javapath;C:\Program Files (x86)\Intel\Intel(R) Management Engine Components\iCLS\;C:\Program Files\Intel\Intel(R) Management Engine Components\iCLS\;C:\Windows\system32;C:\Windows;C:\Windows\System32\Wbem;C:\Windows\System32\WindowsPowerShell\v1.0\;C:\Windows\System32\OpenSSH\;C:\Program Files (x86)\Intel\Intel(R) Management Engine Components\DAL;C:\Program Files\Intel\Intel(R) Management Engine Components\DAL;C:\Program Files (x86)\Intel\Intel(R) Management Engine Components\IPT;C:\Program Files\Intel\Intel(R) Management Engine Components\IPT;C:\Program Files\Intel\WiFi\bin\;C:\Program Files\Common Files\Intel\WirelessCommon\;C:\Program Files\Microsoft VS Code\bin;C:\Program Files\Git\cmd;C:\Program Files\nodejs\;C:\Users\Ivant\AppData\Local\Microsoft\WindowsApps;C:\Program Files\Intel\WiFi\bin\;C:\Program Files\Common Files\Intel\WirelessCommon\;C:\Program Files\Java\jdk1.8.0_192\bin;C:\Users\Ivant\AppData\Roaming\npm;E:\Программы\apache-maven-3.6.0\bin;C:\Program Files\Java\jdk1.8.0_192\bin;;.]
2019-04-25 17:41:59.677 INFO  o.a.c.c.C.[.[.[/] - Initializing Spring embedded WebApplicationContext
2019-04-25 17:41:59.678 INFO  o.s.w.c.ContextLoader - Root WebApplicationContext: initialization completed in 3612 ms
2019-04-25 17:41:59.871 INFO  o.h.j.i.u.LogHelper - HHH000204: Processing PersistenceUnitInfo [name: default]
2019-04-25 17:41:59.936 INFO  o.h.Version - HHH000412: Hibernate Core {5.4.1.Final}
2019-04-25 17:42:00.102 INFO  o.h.a.c.Version - HCANN000001: Hibernate Commons Annotations {5.1.0.Final}
2019-04-25 17:42:00.996 INFO  o.h.d.Dialect - HHH000400: Using dialect: org.hibernate.dialect.MySQLDialect
2019-04-25 17:42:02.265 INFO  o.h.e.t.j.p.i.JtaPlatformInitiator - HHH000490: Using JtaPlatform implementation: [org.hibernate.engine.transaction.jta.platform.internal.NoJtaPlatform]
2019-04-25 17:42:02.269 INFO  o.s.o.j.LocalContainerEntityManagerFactoryBean - Initialized JPA EntityManagerFactory for persistence unit 'default'
2019-04-25 17:42:03.666 WARN  o.s.b.a.o.j.JpaBaseConfiguration$JpaWebConfiguration$JpaWebMvcConfiguration - spring.jpa.open-in-view is enabled by default. Therefore, database queries may be performed during view rendering. Explicitly configure spring.jpa.open-in-view to disable this warning
2019-04-25 17:42:03.932 INFO  s.d.s.w.PropertySourcedRequestMappingHandlerMapping - Mapped URL path [/v2/api-docs] onto method [public org.springframework.http.ResponseEntity<springfox.documentation.spring.web.json.Json> springfox.documentation.swagger2.web.Swagger2Controller.getDocumentation(java.lang.String,javax.servlet.http.HttpServletRequest)]
2019-04-25 17:42:04.267 INFO  o.s.s.c.ThreadPoolTaskExecutor - Initializing ExecutorService 'applicationTaskExecutor'
2019-04-25 17:42:04.606 INFO  s.d.s.w.p.DocumentationPluginsBootstrapper - Context refreshed
2019-04-25 17:42:04.637 INFO  s.d.s.w.p.DocumentationPluginsBootstrapper - Found 1 custom documentation plugin(s)
2019-04-25 17:42:04.701 INFO  s.d.s.w.s.ApiListingReferenceScanner - Scanning for api listing references
2019-04-25 17:42:05.000 INFO  s.d.s.w.r.o.CachingOperationNameGenerator - Generating unique operation named: authorizeUsingPOST_1
2019-04-25 17:42:05.253 INFO  o.s.b.w.e.t.TomcatWebServer - Tomcat started on port(s): 8080 (http) with context path ''
2019-04-25 17:42:05.256 INFO  c.b.a.Application - Started Application in 9.679 seconds (JVM running for 11.039)
2019-04-25 17:42:19.635 INFO  o.a.c.c.C.[.[.[/] - Initializing Spring DispatcherServlet 'dispatcherServlet'
2019-04-25 17:42:19.635 INFO  o.s.w.s.DispatcherServlet - Initializing Servlet 'dispatcherServlet'
2019-04-25 17:42:19.647 INFO  o.s.w.s.DispatcherServlet - Completed initialization in 11 ms
2019-04-25 17:42:19.894 WARN  o.a.c.u.SessionIdGeneratorBase - Creation of SecureRandom instance for session ID generation using [SHA1PRNG] took [235] milliseconds.
2019-04-25 17:42:19.901 INFO  c.b.u.l.LogUtil - HOTEL => GET  264488C067BA9756DC1FBF5A2127EAB0 0:0:0:0:0:0:0:1 /hotel/booking/searchFree?startDate=26.Apr&endDate=26.Apr&clients=1&price=500
2019-04-25 17:42:20.322 INFO  c.b.u.l.LogUtil - HOTEL <= GET  264488C067BA9756DC1FBF5A2127EAB0 0:0:0:0:0:0:0:1 /hotel/booking/searchFree?startDate=26.Apr&endDate=26.Apr&clients=1&price=500: returned status=200 in 662ms. Response body: [{"id":2,"roomAmount":3,"hotelRoomType":{"id":1,"humanAmount":1,"type_name":"111","description":"1"},"client":null,"price":123.0,"url":"https://pp.userapi.com/c854028/v854028525/2b94f/DcPoMxV66Xk.jpg","description":"Пока нет описания","dateFrom":"2019-05-23T07:55:45Z","dateTo":"2019-04-23T07:55:49Z"},{"id":3,"roomAmount":5,"hotelRoomType":{"id":1,"humanAmount":1,"type_name":"111","description":"1"},"client":null,"price":345.0,"url":"https://pp.userapi.com/c854028/v854028525/2b94f/DcPoMxV66Xk.jpg","description":"Пока нет описания","dateFrom":"2019-05-23T07:55:45Z","dateTo":"2019-04-23T07:55:49Z"}]
2019-04-25 17:42:45.839 INFO  c.b.u.l.LogUtil - HOTEL => OPTIONS  7DE0D264C53FED0611B033BDDE11FCF7 0:0:0:0:0:0:0:1 /hotel/booking/booking
2019-04-25 17:42:45.844 INFO  c.b.u.l.LogUtil - HOTEL <= OPTIONS  7DE0D264C53FED0611B033BDDE11FCF7 0:0:0:0:0:0:0:1 /hotel/booking/booking: returned status=200 in 6ms. Response body: 
2019-04-25 17:42:45.850 INFO  c.b.u.l.LogUtil - HOTEL => POST  769A573A66DCD1F6C4C5B6D926642D43 0:0:0:0:0:0:0:1 /hotel/booking/booking {"roomId":"2","countVisitors":"0","dataFrom":"","dataTo":"","clientName":"5874634","clientEmail":"iv.an.moy@mail.ru","clientPhone":"646578","message":"123453","cardHolder":"4567","cardData":"6789","needBackCall":true,"servises":["Телевизор","on"],"extraServises":["on","on","on"]}
2019-04-25 17:42:45.889 INFO  c.b.u.l.LogUtil - HOTEL <= POST  769A573A66DCD1F6C4C5B6D926642D43 0:0:0:0:0:0:0:1 /hotel/booking/booking: returned status=200 in 40ms. Response body: 
2019-04-25 17:43:05.781 INFO  c.b.u.l.LogUtil - HOTEL => POST  1980229E5BC1E0C1BDDF89BCB863B1DC 0:0:0:0:0:0:0:1 /hotel/booking/booking {"roomId":"2","countVisitors":"3","dataFrom":"04.30.2019","dataTo":"04.30.2019","clientName":"5874634","clientEmail":"iv.an.moy@mail.ru","clientPhone":"646578","message":"123453","cardHolder":"4567","cardData":"6789","needBackCall":true,"servises":["Телевизор","on"],"extraServises":["on","on","on"]}
2019-04-25 17:43:05.785 INFO  c.b.u.l.LogUtil - HOTEL <= POST  1980229E5BC1E0C1BDDF89BCB863B1DC 0:0:0:0:0:0:0:1 /hotel/booking/booking: returned status=200 in 4ms. Response body: 
2019-04-25 17:45:02.008 INFO  c.b.u.l.LogUtil - HOTEL => GET  58CCE5CD9A94DFC6C7AE226E0A4938EF 0:0:0:0:0:0:0:1 /hotel/booking/searchFree?startDate=26.Apr&endDate=26.Apr&clients=1&price=500
2019-04-25 17:45:02.076 INFO  c.b.u.l.LogUtil - HOTEL <= GET  58CCE5CD9A94DFC6C7AE226E0A4938EF 0:0:0:0:0:0:0:1 /hotel/booking/searchFree?startDate=26.Apr&endDate=26.Apr&clients=1&price=500: returned status=200 in 69ms. Response body: [{"id":2,"roomAmount":3,"hotelRoomType":{"id":1,"humanAmount":1,"type_name":"111","description":"1"},"client":null,"price":123.0,"url":"https://pp.userapi.com/c854028/v854028525/2b94f/DcPoMxV66Xk.jpg","description":"Пока нет описания","dateFrom":"2019-05-23T07:55:45Z","dateTo":"2019-04-23T07:55:49Z"},{"id":3,"roomAmount":5,"hotelRoomType":{"id":1,"humanAmount":1,"type_name":"111","description":"1"},"client":null,"price":345.0,"url":"https://pp.userapi.com/c854028/v854028525/2b94f/DcPoMxV66Xk.jpg","description":"Пока нет описания","dateFrom":"2019-05-23T07:55:45Z","dateTo":"2019-04-23T07:55:49Z"}]
2019-04-25 17:45:13.831 INFO  c.b.u.l.LogUtil - HOTEL => POST  C43AF40DAF5D1CC99662D1602F886EA9 0:0:0:0:0:0:0:1 /hotel/booking/booking {"roomId":"2","countVisitors":"0","dataFrom":"","dataTo":"","clientName":"","clientEmail":"","clientPhone":"","message":"","cardHolder":"","cardData":"","needBackCall":true,"servises":["Мини бар","Телевизор","Кровать для детей","Аренда велосипеда","Ethernet"],"extraServises":["Завтраки","Бассейн","Прокат автомобиля","Вид на соре","Прачечная"]}
2019-04-25 17:45:13.836 INFO  c.b.u.l.LogUtil - HOTEL <= POST  C43AF40DAF5D1CC99662D1602F886EA9 0:0:0:0:0:0:0:1 /hotel/booking/booking: returned status=200 in 5ms. Response body: 
